<?xml version="1.0" encoding="UTF-8"?>
<beans xmlns="http://www.springframework.org/schema/beans"
       xmlns:xsi="http://www.w3.org/2001/XMLSchema-instance"
       xmlns:aop="http://www.springframework.org/schema/aop"
       xmlns:tx="http://www.springframework.org/schema/tx"
       xsi:schemaLocation="http://www.springframework.org/schema/beans
						   http://www.springframework.org/schema/beans/spring-beans-3.0.xsd
                           http://www.springframework.org/schema/aop
                           http://www.springframework.org/schema/aop/spring-aop-3.0.xsd
                           http://www.springframework.org/schema/tx
                           http://www.springframework.org/schema/tx/spring-tx-2.5.xsd ">

    <bean id="dataSource" class="org.springframework.jdbc.datasource.SimpleDriverDataSource">
        <property name="driverClass" value="com.mysql.cj.jdbc.Driver"/>
        <property name="url" value="jdbc:mysql://localhost/springbook?characterEncoding=UTF-8"/>
        <property name="username" value="root"/>
        <property name="password" value="1234"/>
    </bean>

    <bean id="transactionManager" class="org.springframework.jdbc.datasource.DataSourceTransactionManager">
        <property name="dataSource" ref="dataSource"/>
    </bean>


    <!--        <property name="transactionManager" ref="transactionManager"/>-->
    <!--        <property name="transactionAttributes">-->
    <!--            <props>-->
    <!--                <prop key="get*">PROPAGATION_REQUIRED,readOnly,timeout_30</prop>-->
    <!--                <prop key="upgrade*">PROPAGATION_REQUIRES_NEW,ISOLATION_SERIALIZABLE</prop>-->
    <!--                <prop key="*">PROPAGATION_REQUIRED</prop>-->
    <!--            </props>-->
    <!--        </property>-->
    <!--    </bean>-->

    <aop:config>
        <!--        <aop:pointcut id="transactionPointcut" expression="execution(* *..*ServiceImpl.upgrade*(..))"/>-->
        <aop:advisor advice-ref="transactionAdvice" pointcut="bean(*Service)"/>
    </aop:config>
    <!--    <bean id="transactionAdvice" class="org.springframework.transaction.interceptor.TransactionInterceptor">-->
    <tx:advice id="transactionAdvice" transaction-manager="transactionManager">
        <tx:attributes>
            <!--            <tx:method name="get*" propagation="REQUIRED" read-only="true" timeout="30"/>-->
            <!--            <tx:method name="upgrade*" propagation="REQUIRES_NEW" isolation="SERIALIZABLE"/>-->
            <!--            <tx:method name="*" propagation="REQUIRED"/>-->
            <tx:method name="get*" read-only="true"/>
            <tx:method name="*"/>
        </tx:attributes>
    </tx:advice>

    <bean id="userService" class="me.devksh930.booktoby.user.service.UserServiceImpl">
        <property name="userDao" ref="userDao"/>
        <property name="userLevelUpgradePolicy" ref="userUpgradeLevelPolicy"/>
        <property name="mailSender" ref="mailSender"/>
    </bean>

    <bean id="testUserService" class="me.devksh930.booktoby.user.service.UserServiceTest$TestUserServiceImpl"
          parent="userService"/>


    <bean id="userDao" class="me.devksh930.booktoby.user.dao.UserDaoJdbc">
        <property name="dataSource" ref="dataSource"/>
        <property name="sqlMap">
            <map>
                <entry key="add" value="insert into users(id, name, password, email, level, login, recommend) values(?,?,?,?,?,?,?)" />
                <entry key="get" value="select * from users where id = ?" />
                <entry key="getAll" value="select * from users order by id" />
                <entry key="deleteAll" value="delete from users" />
                <entry key="getCount" value="select count(*) from users" />
                <entry key="update" value="update users set name = ?, password = ?, email = ?, level = ?, login = ?, recommend = ? where id = ?"  />
            </map>
        </property>
    </bean>

    <bean id="userUpgradeLevelPolicy" class="me.devksh930.booktoby.user.service.DefaultUserUpgradeLevelPolicy">
    </bean>


    <bean id="mailSender" class="me.devksh930.booktoby.user.service.DummyMailSender"/>


</beans>
