<?xml version="1.0" encoding="UTF-8"?>
<beans xmlns="http://www.springframework.org/schema/beans"
       xmlns:xsi="http://www.w3.org/2001/XMLSchema-instance"
       xsi:schemaLocation="http://www.springframework.org/schema/beans
						http://www.springframework.org/schema/beans/spring-beans-3.0.xsd">

    <bean id="dataSource" class="org.springframework.jdbc.datasource.SimpleDriverDataSource">
        <property name="driverClass" value="com.mysql.cj.jdbc.Driver"/>
        <property name="url" value="jdbc:mysql://localhost/springbook?characterEncoding=UTF-8"/>
        <property name="username" value="root"/>
        <property name="password" value="1234"/>
    </bean>

    <bean id="transactionManager" class="org.springframework.jdbc.datasource.DataSourceTransactionManager">
        <property name="dataSource" ref="dataSource"/>
    </bean>

    <bean class="org.springframework.aop.framework.autoproxy.DefaultAdvisorAutoProxyCreator"/>

    <bean id="transactionAdvice" class="me.devksh930.booktoby.user.service.TransactionAdvice">
        <property name="transactionManager" ref="transactionManager"/>
    </bean>

<!--    <bean id="transactionPointcut" class="me.devksh930.booktoby.user.service.NameMatchClassMethodPointcut">-->
<!--        <property name="mappedClassName" value="*ServiceImpl"/>-->
<!--        <property name="mappedName" value="upgrade*"/>-->
<!--    </bean>-->

    <bean id="transactionPointcut"  class="org.springframework.aop.aspectj.AspectJExpressionPointcut">
        <property name="expression" value="execution(* *..*ServiceImpl.upgrade*(..))"/>
    </bean>

    <bean id="transactionAdvisor" class="org.springframework.aop.support.DefaultPointcutAdvisor">
        <property name="advice" ref="transactionAdvice"/>
        <property name="pointcut" ref="transactionPointcut"/>
    </bean>


    <bean id="userService" class="me.devksh930.booktoby.user.service.UserServiceImpl">
        <property name="userDao" ref="userDao"/>
        <property name="userLevelUpgradePolicy" ref="userUpgradeLevelPolicy"/>
        <property name="mailSender" ref="mailSender"/>
    </bean>

    <bean id="testUserService" class="me.devksh930.booktoby.user.service.UserServiceTest$TestUserServiceImpl" parent="userService" />


    <bean id="userDao" class="me.devksh930.booktoby.user.dao.UserDaoJdbc">
        <property name="dataSource" ref="dataSource"/>
    </bean>

    <bean id="userUpgradeLevelPolicy" class="me.devksh930.booktoby.user.service.DefaultUserUpgradeLevelPolicy">
    </bean>


    <bean id="mailSender" class="me.devksh930.booktoby.user.service.DummyMailSender"/>



</beans>
